<?xml version="1.0" encoding="UTF-8"?>
<!-- Generated by org.testng.reporters.JUnitReportReporter -->
<testsuite hostname="CPC-kling-ZIKZ2" failures="0" tests="1" name="test.LaunchController" time="3.184" errors="0" timestamp="01 Oct 2024 09:39:35 GMT" skipped="0">
  <testcase classname="test.LaunchController" name="OfferShift" time="3.184"/>
</testsuite> <!-- test.LaunchController -->
